<?xml version="1.0" encoding="UTF-8"?>
<!-- Generated by org.testng.reporters.JUnitXMLReporter -->
<testsuite ignored="0" hostname="ParasJain" failures="0" tests="5" name="ReportRegisterUserDemo" time="11.666" errors="0" timestamp="2022-08-10T17:06:56 IST">
  <testcase classname="com.telus.testannotation.RegisterUserDemo" name="launchApplication" time="6.319"/>
  <testcase classname="com.telus.testannotation.RegisterUserDemo" name="navigateToRegistraionForm" time="2.313"/>
  <testcase classname="com.telus.testannotation.RegisterUserDemo" name="registerUser" time="2.87"/>
  <testcase classname="com.telus.testannotation.RegisterUserDemo" name="validateSuccessFullMsg" time="0.046"/>
  <testcase classname="com.telus.testannotation.RegisterUserDemo" name="closeApplication" time="0.052"/>
</testsuite> <!-- ReportRegisterUserDemo -->
