<?xml version="1.0" encoding="UTF-8"?>
<!-- Generated by org.testng.reporters.JUnitXMLReporter -->
<testsuite ignored="0" hostname="ParasJain" failures="0" tests="5" name="Test" time="11.957" errors="0" timestamp="2022-08-08T17:45:09 IST">
  <testcase classname="com.telus.testannotation.RegisterUserDemo" name="launchApplication" time="6.021"/>
  <testcase classname="com.telus.testannotation.RegisterUserDemo" name="navigateToRegistraionForm" time="1.975"/>
  <testcase classname="com.telus.testannotation.RegisterUserDemo" name="registerUser" time="3.757"/>
  <testcase classname="com.telus.testannotation.RegisterUserDemo" name="validateSuccessFullMsg" time="0.053"/>
  <testcase classname="com.telus.testannotation.RegisterUserDemo" name="closeApplication" time="0.064"/>
</testsuite> <!-- Test -->
