<?xml version="1.0" encoding="UTF-8"?>
<!-- Generated by org.testng.reporters.JUnitXMLReporter -->
<testsuite ignored="0" hostname="ParasJain" failures="0" tests="5" name="Default test" time="16.063" errors="0" timestamp="2022-08-08T17:58:42 IST">
  <testcase classname="com.telus.testannotation.RegisterUserDemo" name="launchApplication" time="6.738"/>
  <testcase classname="com.telus.testannotation.RegisterUserDemo" name="navigateToRegistraionForm" time="1.68"/>
  <testcase classname="com.telus.testannotation.RegisterUserDemo" name="registerUser" time="3.443"/>
  <testcase classname="com.telus.testannotation.RegisterUserDemo" name="validateSuccessFullMsg" time="0.055"/>
  <testcase classname="com.telus.testannotation.RegisterUserDemo" name="closeApplication" time="4.064"/>
</testsuite> <!-- Default test -->
