<?xml version="1.0" encoding="UTF-8"?>
<testsuite xmlns:xsi="http://www.w3.org/2001/XMLSchema-instance" xsi:noNamespaceSchemaLocation="https://maven.apache.org/surefire/maven-surefire-plugin/xsd/surefire-test-report.xsd" name="TestSuite" time="11.989" tests="5" errors="0" skipped="0" failures="0">
  <properties>
[...]
</properties>
  <testcase name="launchApplication" classname="com.telus.testannotation.RegisterUserDemo" time="6.062"/>
  <testcase name="navigateToRegistraionForm" classname="com.telus.testannotation.RegisterUserDemo" time="1.673"/>
  <testcase name="registerUser" classname="com.telus.testannotation.RegisterUserDemo" time="3.392"/>
  <testcase name="validateSuccessFullMsg" classname="com.telus.testannotation.RegisterUserDemo" time="0.051"/>
  <testcase name="closeApplication" classname="com.telus.testannotation.RegisterUserDemo" time="0.059"/>
</testsuite>