<?xml version="1.0" encoding="UTF-8"?>
<!-- Generated by org.testng.reporters.JUnitXMLReporter -->
<testsuite ignored="0" hostname="ParasJain" failures="0" tests="5" name="Test" time="12.294" errors="0" timestamp="2022-09-07T16:52:17 IST">
  <testcase classname="com.telus.testannotation.RegisterUserDemo" name="launchApplication" time="5.478"/>
  <testcase classname="com.telus.testannotation.RegisterUserDemo" name="navigateToRegistraionForm" time="1.609"/>
  <testcase classname="com.telus.testannotation.RegisterUserDemo" name="registerUser" time="2.747"/>
  <testcase classname="com.telus.testannotation.RegisterUserDemo" name="validateSuccessFullMsg" time="0.046"/>
  <testcase classname="com.telus.testannotation.RegisterUserDemo" name="closeApplication" time="2.36"/>
</testsuite> <!-- Test -->
