<?xml version="1.0" encoding="UTF-8"?>
<!-- Generated by org.testng.reporters.JUnitXMLReporter -->
<testsuite ignored="0" hostname="ParasJain" failures="0" tests="5" name="Test" time="15.767" errors="0" timestamp="2022-09-06T18:02:07 IST">
  <testcase classname="com.telus.testannotation.RegisterUserDemo" name="launchApplication" time="6.474"/>
  <testcase classname="com.telus.testannotation.RegisterUserDemo" name="navigateToRegistraionForm" time="1.85"/>
  <testcase classname="com.telus.testannotation.RegisterUserDemo" name="registerUser" time="3.261"/>
  <testcase classname="com.telus.testannotation.RegisterUserDemo" name="validateSuccessFullMsg" time="0.055"/>
  <testcase classname="com.telus.testannotation.RegisterUserDemo" name="closeApplication" time="4.061"/>
</testsuite> <!-- Test -->
